<?xml version="1.0" encoding="UTF-8"?>
<!-- Generated by org.testng.reporters.JUnitXMLReporter -->
<testsuite ignored="0" hostname="RajeshKibb" failures="1" tests="6" name="Default test" time="100.219" errors="0" timestamp="2024-08-29T20:39:54 IST">
  <testcase classname="Login.Login" name="cred" time="0.477"/>
  <testcase classname="Login.Login" name="Selectcompany" time="2.622"/>
  <testcase classname="Login.Login" name="Tripss" time="1.006"/>
  <testcase classname="Login.Login" name="CheckBox" time="55.983">
    <failure type="java.lang.AssertionError" message="Failed to select the checkbox: Expected condition failed: waiting for visibility of Proxy element for: DefaultElementLocator &amp;apos;By.xpath: //div[@id=&amp;apos;tripsComponent&amp;apos;]//following-sibling::div[@class=&amp;apos;row my-4&amp;apos;]//child::table[@id=&amp;apos;_trips_content_table&amp;apos;]//child::tbody//tr//td[contains(text(),&amp;apos;Trip 15532&amp;apos;)]//parent::tr//descendant::span[@class=&amp;apos;e-frame e-icons&amp;apos;]&amp;apos; (tried for 20 second(s) with 500 milliseconds interval)">
      <![CDATA[java.lang.AssertionError: Failed to select the checkbox: Expected condition failed: waiting for visibility of Proxy element for: DefaultElementLocator 'By.xpath: //div[@id='tripsComponent']//following-sibling::div[@class='row my-4']//child::table[@id='_trips_content_table']//child::tbody//tr//td[contains(text(),'Trip 15532')]//parent::tr//descendant::span[@class='e-frame e-icons']' (tried for 20 second(s) with 500 milliseconds interval)
at org.testng.Assert.fail(Assert.java:99)
at LoginCred.Trips.FTrip(Trips.java:77)
at Login.Login.CheckBox(Login.java:50)
at java.base/jdk.internal.reflect.DirectMethodHandleAccessor.invoke(DirectMethodHandleAccessor.java:103)
at java.base/java.lang.reflect.Method.invoke(Method.java:580)
at org.testng.internal.MethodInvocationHelper.invokeMethod(MethodInvocationHelper.java:133)
at org.testng.internal.TestInvoker.invokeMethod(TestInvoker.java:598)
at org.testng.internal.TestInvoker.invokeTestMethod(TestInvoker.java:173)
at org.testng.internal.MethodRunner.runInSequence(MethodRunner.java:46)
at org.testng.internal.TestInvoker$MethodInvocationAgent.invoke(TestInvoker.java:824)
at org.testng.internal.TestInvoker.invokeTestMethods(TestInvoker.java:146)
at org.testng.internal.TestMethodWorker.invokeTestMethods(TestMethodWorker.java:146)
at org.testng.internal.TestMethodWorker.run(TestMethodWorker.java:128)
at java.base/java.util.ArrayList.forEach(ArrayList.java:1596)
at org.testng.TestRunner.privateRun(TestRunner.java:794)
at org.testng.TestRunner.run(TestRunner.java:596)
at org.testng.SuiteRunner.runTest(SuiteRunner.java:377)
at org.testng.SuiteRunner.runSequentially(SuiteRunner.java:371)
at org.testng.SuiteRunner.privateRun(SuiteRunner.java:332)
at org.testng.SuiteRunner.run(SuiteRunner.java:276)
at org.testng.SuiteRunnerWorker.runSuite(SuiteRunnerWorker.java:53)
at org.testng.SuiteRunnerWorker.run(SuiteRunnerWorker.java:96)
at org.testng.TestNG.runSuitesSequentially(TestNG.java:1212)
at org.testng.TestNG.runSuitesLocally(TestNG.java:1134)
at org.testng.TestNG.runSuites(TestNG.java:1063)
at org.testng.TestNG.run(TestNG.java:1031)
at org.testng.remote.AbstractRemoteTestNG.run(AbstractRemoteTestNG.java:115)
at org.testng.remote.RemoteTestNG.initAndRun(RemoteTestNG.java:293)
at org.testng.remote.RemoteTestNG.main(RemoteTestNG.java:91)
]]>
    </failure>
  </testcase> <!-- CheckBox -->
  <testcase classname="Login.Login" name="log" time="0.0">
    <skipped/>
  </testcase> <!-- log -->
  <testcase classname="Login.Login" name="openurl" time="0.0">
    <skipped/>
  </testcase> <!-- openurl -->
</testsuite> <!-- Default test -->
