<?xml version="1.0" encoding="UTF-8"?>
<!-- Generated by org.testng.reporters.JUnitReportReporter -->
<testsuite hostname="RajeshKibb" failures="1" tests="6" name="Login.Login" time="60.088" errors="0" timestamp="2024-08-29T20:39:55 IST" skipped="2">
  <testcase classname="Login.Login" name="log" time="0.000">
    <skipped/>
  </testcase> <!-- log -->
  <system-out/>
  <testcase classname="Login.Login" name="CheckBox" time="55.983">
    <failure message="Failed to select the checkbox: Expected condition failed: waiting for visibility of Proxy element for: DefaultElementLocator &#039;By.xpath: //div[@id=&#039;tripsComponent&#039;]//following-sibling::div[@class=&#039;row my-4&#039;]//child::table[@id=&#039;_trips_content_table&#039;]//child::tbody//tr//td[contains(text(),&#039;Trip 15532&#039;)]//parent::tr//descendant::span[@class=&#039;e-frame e-icons&#039;]&#039; (tried for 20 second(s) with 500 milliseconds interval)" type="java.lang.AssertionError">
      <![CDATA[java.lang.AssertionError: Failed to select the checkbox: Expected condition failed: waiting for visibility of Proxy element for: DefaultElementLocator 'By.xpath: //div[@id='tripsComponent']//following-sibling::div[@class='row my-4']//child::table[@id='_trips_content_table']//child::tbody//tr//td[contains(text(),'Trip 15532')]//parent::tr//descendant::span[@class='e-frame e-icons']' (tried for 20 second(s) with 500 milliseconds interval)
at org.testng.Assert.fail(Assert.java:99)
at LoginCred.Trips.FTrip(Trips.java:77)
at Login.Login.CheckBox(Login.java:50)
at java.base/jdk.internal.reflect.DirectMethodHandleAccessor.invoke(DirectMethodHandleAccessor.java:103)
at java.base/java.lang.reflect.Method.invoke(Method.java:580)
at org.testng.internal.MethodInvocationHelper.invokeMethod(MethodInvocationHelper.java:133)
at org.testng.internal.TestInvoker.invokeMethod(TestInvoker.java:598)
at org.testng.internal.TestInvoker.invokeTestMethod(TestInvoker.java:173)
at org.testng.internal.MethodRunner.runInSequence(MethodRunner.java:46)
at org.testng.internal.TestInvoker$MethodInvocationAgent.invoke(TestInvoker.java:824)
at org.testng.internal.TestInvoker.invokeTestMethods(TestInvoker.java:146)
at org.testng.internal.TestMethodWorker.invokeTestMethods(TestMethodWorker.java:146)
at org.testng.internal.TestMethodWorker.run(TestMethodWorker.java:128)
at java.base/java.util.ArrayList.forEach(ArrayList.java:1596)
at org.testng.TestRunner.privateRun(TestRunner.java:794)
at org.testng.TestRunner.run(TestRunner.java:596)
at org.testng.SuiteRunner.runTest(SuiteRunner.java:377)
at org.testng.SuiteRunner.runSequentially(SuiteRunner.java:371)
at org.testng.SuiteRunner.privateRun(SuiteRunner.java:332)
at org.testng.SuiteRunner.run(SuiteRunner.java:276)
at org.testng.SuiteRunnerWorker.runSuite(SuiteRunnerWorker.java:53)
at org.testng.SuiteRunnerWorker.run(SuiteRunnerWorker.java:96)
at org.testng.TestNG.runSuitesSequentially(TestNG.java:1212)
at org.testng.TestNG.runSuitesLocally(TestNG.java:1134)
at org.testng.TestNG.runSuites(TestNG.java:1063)
at org.testng.TestNG.run(TestNG.java:1031)
at org.testng.remote.AbstractRemoteTestNG.run(AbstractRemoteTestNG.java:115)
at org.testng.remote.RemoteTestNG.initAndRun(RemoteTestNG.java:293)
at org.testng.remote.RemoteTestNG.main(RemoteTestNG.java:91)
]]>
    </failure>
  </testcase> <!-- CheckBox -->
  <system-out/>
  <testcase classname="Login.Login" name="Selectcompany" time="2.622"/>
  <system-out/>
  <testcase classname="Login.Login" name="openurl" time="0.000">
    <skipped/>
  </testcase> <!-- openurl -->
  <system-out/>
  <testcase classname="Login.Login" name="cred" time="0.477"/>
  <system-out/>
  <testcase classname="Login.Login" name="Tripss" time="1.006"/>
  <system-out/>
</testsuite> <!-- Login.Login -->
